[INFO] 03/27/2025 11:34:02 Script pingExe.sh issued PING to target google.com with result success.
[INFO] 03/27/2025 11:34:06 Script pingExe.sh issued PING to target facebook.com with result success.
[INFO] 03/27/2025 11:34:09 Script pingExe.sh issued PING to target tiktok.com with result success.
[INFO] 03/27/2025 11:34:12 Script pingExe.sh issued PING to target youtube.com with result success.
[ERROR] 03/27/2025 11:34:25 Script pingExe.sh issued PING to target netflix.com with result unreachable.
[INFO] 03/27/2025 11:35:13 Script pingExe.sh issued PING to target google.com with result success.
[INFO] 03/27/2025 11:35:17 Script pingExe.sh issued PING to target facebook.com with result success.
[INFO] 03/27/2025 11:35:20 Script pingExe.sh issued PING to target tiktok.com with result success.
[INFO] 03/27/2025 11:35:23 Script pingExe.sh issued PING to target youtube.com with result success.
[ERROR] 03/27/2025 11:35:36 Script pingExe.sh issued PING to target netflix.com with result unreachable.
[INFO] 03/27/2025 11:36:24 Script pingExe.sh issued PING to target google.com with result success.
[INFO] 03/27/2025 11:36:27 Script pingExe.sh issued PING to target facebook.com with result success.
[INFO] 03/27/2025 11:36:30 Script pingExe.sh issued PING to target tiktok.com with result success.
[INFO] 03/27/2025 11:36:33 Script pingExe.sh issued PING to target youtube.com with result success.
[ERROR] 03/27/2025 11:36:47 Script pingExe.sh issued PING to target netflix.com with result unreachable.
[INFO] 03/27/2025 11:37:35 Script pingExe.sh issued PING to target google.com with result success.
[INFO] 03/27/2025 11:37:38 Script pingExe.sh issued PING to target facebook.com with result success.
[INFO] 03/27/2025 11:37:41 Script pingExe.sh issued PING to target tiktok.com with result success.
[INFO] 03/27/2025 11:37:44 Script pingExe.sh issued PING to target youtube.com with result success.
[ERROR] 03/27/2025 11:37:57 Script pingExe.sh issued PING to target netflix.com with result unreachable.
[INFO] 03/27/2025 11:38:45 Script pingExe.sh issued PING to target google.com with result success.
[INFO] 03/27/2025 11:38:49 Script pingExe.sh issued PING to target facebook.com with result success.
[INFO] 03/27/2025 11:38:52 Script pingExe.sh issued PING to target tiktok.com with result success.
[INFO] 03/27/2025 11:38:55 Script pingExe.sh issued PING to target youtube.com with result success.
[ERROR] 03/27/2025 11:39:09 Script pingExe.sh issued PING to target netflix.com with result unreachable.
[INFO] 03/27/2025 11:39:58 Script pingExe.sh issued PING to target google.com with result success.
[INFO] 03/27/2025 11:40:01 Script pingExe.sh issued PING to target facebook.com with result success.
[INFO] 03/27/2025 11:40:04 Script pingExe.sh issued PING to target tiktok.com with result success.
[INFO] 03/27/2025 11:40:07 Script pingExe.sh issued PING to target youtube.com with result success.
[ERROR] 03/27/2025 11:40:20 Script pingExe.sh issued PING to target netflix.com with result unreachable.
[INFO] 03/27/2025 11:41:08 Script pingExe.sh issued PING to target google.com with result success.
[INFO] 03/27/2025 11:41:11 Script pingExe.sh issued PING to target facebook.com with result success.
[INFO] 03/27/2025 11:41:15 Script pingExe.sh issued PING to target tiktok.com with result success.
[INFO] 03/27/2025 11:41:18 Script pingExe.sh issued PING to target youtube.com with result success.
[ERROR] 03/27/2025 11:41:31 Script pingExe.sh issued PING to target netflix.com with result unreachable.
[INFO] 03/27/2025 11:42:19 Script pingExe.sh issued PING to target google.com with result success.
[INFO] 03/27/2025 11:42:22 Script pingExe.sh issued PING to target facebook.com with result success.
[INFO] 03/27/2025 11:42:25 Script pingExe.sh issued PING to target tiktok.com with result success.
[INFO] 03/27/2025 11:42:29 Script pingExe.sh issued PING to target youtube.com with result success.
[ERROR] 03/27/2025 11:42:42 Script pingExe.sh issued PING to target netflix.com with result unreachable.
[INFO] 03/27/2025 11:43:30 Script pingExe.sh issued PING to target google.com with result success.
[INFO] 03/27/2025 11:43:33 Script pingExe.sh issued PING to target facebook.com with result success.
[INFO] 03/27/2025 11:43:36 Script pingExe.sh issued PING to target tiktok.com with result success.
[INFO] 03/27/2025 11:43:40 Script pingExe.sh issued PING to target youtube.com with result success.
[ERROR] 03/27/2025 11:43:53 Script pingExe.sh issued PING to target netflix.com with result unreachable.
[INFO] 03/27/2025 11:44:41 Script pingExe.sh issued PING to target google.com with result success.
[INFO] 03/27/2025 11:44:44 Script pingExe.sh issued PING to target facebook.com with result success.
[INFO] 03/27/2025 11:44:47 Script pingExe.sh issued PING to target tiktok.com with result success.
[INFO] 03/27/2025 11:44:50 Script pingExe.sh issued PING to target youtube.com with result success.
[ERROR] 03/27/2025 11:45:03 Script pingExe.sh issued PING to target netflix.com with result unreachable.
[INFO] 03/27/2025 11:45:51 Script pingExe.sh issued PING to target google.com with result success.
[INFO] 03/27/2025 11:45:55 Script pingExe.sh issued PING to target facebook.com with result success.
[INFO] 03/27/2025 11:45:58 Script pingExe.sh issued PING to target tiktok.com with result success.
[INFO] 03/27/2025 11:46:01 Script pingExe.sh issued PING to target youtube.com with result success.
[ERROR] 03/27/2025 11:46:19 Script pingExe.sh issued PING to target netflix.com with result unreachable.
[INFO] 03/27/2025 11:47:07 Script pingExe.sh issued PING to target google.com with result success.
[INFO] 03/27/2025 11:47:10 Script pingExe.sh issued PING to target facebook.com with result success.
[INFO] 03/27/2025 11:47:13 Script pingExe.sh issued PING to target tiktok.com with result success.
[INFO] 03/27/2025 11:47:17 Script pingExe.sh issued PING to target youtube.com with result success.
[ERROR] 03/27/2025 11:47:30 Script pingExe.sh issued PING to target netflix.com with result unreachable.
[INFO] 03/27/2025 11:48:18 Script pingExe.sh issued PING to target google.com with result success.
[INFO] 03/27/2025 11:48:21 Script pingExe.sh issued PING to target facebook.com with result success.
[INFO] 03/27/2025 11:48:25 Script pingExe.sh issued PING to target tiktok.com with result success.
[INFO] 03/27/2025 11:48:28 Script pingExe.sh issued PING to target youtube.com with result success.
[ERROR] 03/27/2025 11:48:41 Script pingExe.sh issued PING to target netflix.com with result unreachable.
